2023-10-17 18:03:21,965 - INFO -  * Detected change in 'C:\\gh\\venv38\\Lib\\site-packages\\debugpy\\__init__.py', reloading
2023-10-17 18:03:21,976 - INFO -  * Detected change in 'C:\\gh\\venv38\\Lib\\site-packages\\debugpy\\public_api.py', reloading
2023-10-17 18:03:21,993 - INFO -  * Detected change in 'C:\\gh\\venv38\\Lib\\site-packages\\defusedxml\\__init__.py', reloading
2023-10-17 18:03:22,005 - INFO -  * Detected change in 'C:\\gh\\venv38\\Lib\\site-packages\\defusedxml\\common.py', reloading
2023-10-17 18:03:22,022 - INFO -  * Detected change in 'C:\\gh\\venv38\\Lib\\site-packages\\dns\\__init__.py', reloading
2023-10-17 18:03:22,033 - INFO -  * Detected change in 'C:\\gh\\venv38\\Lib\\site-packages\\docx2txt\\__init__.py', reloading
2023-10-17 18:03:22,045 - INFO -  * Detected change in 'C:\\gh\\venv38\\Lib\\site-packages\\dotenv\\__init__.py', reloading
2023-10-17 18:03:22,058 - INFO -  * Detected change in 'C:\\gh\\venv38\\Lib\\site-packages\\dotenv\\main.py', reloading
2023-10-17 18:02023-10-17 18:03:23,212 - INFO -  * Restarting with watchdog (windowsapi)
\\ebcdic\\__init__.py', reloading
2023-10-17 18:03:22,079 - INFO -  * Detected change in 'C:\\gh\\venv38\\Lib\\site-packages\\exceptiongroup\\__init__.py', reloading
2023-10-17 18:03:22,088 - INFO -  * Detected change in 'C:\\gh\\venv38\\Lib\\site-packages\\exceptiongroup\\_catch.py', reloading
2023-10-17 18:03:22,096 - INFO -  * Detected change in 'C:\\gh\\venv38\\Lib\\site-packages\\exceptiongroup\\_exceptions.py', reloading
2023-10-17 18:03:22,105 - INFO -  * Detected change in 'C:\\gh\\venv38\\Lib\\site-packages\\exceptiongroup\\_formatting.py', reloading
2023-10-17 18:03:22,114 - INFO -  * Detected change in 'C:\\gh\\venv38\\Lib\\site-packages\\executing\\__init__.py', reloading
2023-10-17 18:03:22,134 - INFO -  * Detected change in 'C:\\gh\\venv38\\Lib\\site-packages\\executing\\executing.py', reloading
2023-10-17 18:03:22,153 - INFO -  * Detected change in 'C:\\gh\\venv38\\Lib\\site-packages\\extract_msg\\__init__.py', reloading
2023-10-17 18:03:22,168 - INFO -  * Detected change in 'C:\\gh\\venv38\\Lib\\site-packages\\fastapi\\applications.py', reloading
2023-10-17 18:03:22,195 - INFO -  * Detected change in 'C:\\gh\\venv38\\Lib\\site-packages\\fastapi\\background.py', reloading
2023-10-17 18:03:22,205 - INFO -  * Detected change in 'C:\\gh\\venv38\\Lib\\site-packages\\starlette\\background.py', reloading
2023-10-17 18:03:22,215 - INFO -  * Detected change in 'C:\\gh\\venv38\\Lib\\site-packages\\fastapi\\concurrency.py', reloading
2023-10-17 18:03:22,235 - INFO -  * Detected change in 'C:\\gh\\venv38\\Lib\\site-packages\\starlette\\concurrency.py', reloading
2023-10-17 18:03:22,243 - INFO -  * Detected change in 'C:\\gh\\venv38\\Lib\\site-packages\\fastapi\\datastructures.py', reloading
2023-10-17 18:03:22,253 - INFO -  * Detected change in 'C:\\gh\\venv38\\Lib\\site-packages\\starlette\\datastructures.py', reloading
2023-10-17 18:03:22,267 - INFO -  * Detected change in 'C:\\gh\\venv38\\Lib\\site-packages\\fastapi\\encoders.py', reloading
2023-10-17 18:03:22,279 - INFO -  * Detected change in 'C:\\gh\\venv38\\Lib\\site-packages\\fastapi\\exceptions.py', reloading
2023-10-17 18:03:22,288 - INFO -  * Detected change in 'C:\\gh\\venv38\\Lib\\site-packages\\fastapi\\exception_handlers.py', reloading
2023-10-17 18:03:22,295 - INFO -  * Detected change in 'C:\\gh\\venv38\\Lib\\site-packages\\fastapi\\logger.py', reloading
2023-10-17 18:03:22,302 - INFO -  * Detected change in 'C:\\gh\\venv38\\Lib\\site-packages\\fastapi\\middleware\\__init__.py', reloading
2023-10-17 18:03:22,308 - INFO -  * Detected change in 'C:\\gh\\venv38\\Lib\\site-packages\\starlette\\middleware\\__init__.py', reloading
2023-10-17 18:03:22,320 - INFO -  * Detected change in 'C:\\gh\\venv38\\Lib\\site-packages\\fastapi\\params.py', reloading
2023-10-17 18:03:22,335 - INFO -  * Detected change in 'C:\\gh\\venv38\\Lib\\site-packages\\fastapi\\param_functions.py', reloading
2023-10-17 18:03:22,348 - INFO -  * Detected change in 'C:\\gh\\venv38\\Lib\\site-packages\\fastapi\\requests.py', reloading
2023-10-17 18:03:22,360 - INFO -  * Detected change in 'C:\\gh\\venv38\\Lib\\site-packages\\starlette\\requests.py', reloading
2023-10-17 18:03:22,370 - INFO -  * Detected change in 'C:\\gh\\venv38\\Lib\\site-packages\\fastapi\\responses.py', reloading
2023-10-17 18:03:22,381 - INFO -  * Detected change in 'C:\\gh\\venv38\\Lib\\site-packages\\starlette\\responses.py', reloading
2023-10-17 18:03:22,392 - INFO -  * Detected change in 'C:\\gh\\venv38\\Lib\\site-packages\\fastapi\\routing.py', reloading
2023-10-17 18:03:22,412 - INFO -  * Detected change in 'C:\\gh\\venv38\\Lib\\site-packages\\starlette\\routing.py', reloading
2023-10-17 18:03:22,424 - INFO -  * Detected change in 'C:\\gh\\venv38\\Lib\\site-packages\\fastapi\\security\\__init__.py', reloading
2023-10-17 18:03:22,433 - INFO -  * Detected change in 'C:\\gh\\venv38\\Lib\\site-packages\\fastapi\\security\\api_key.py', reloading
2023-10-17 18:03:22,443 - INFO -  * Detected change in 'C:\\gh\\venv38\\Lib\\site-packages\\fastapi\\security\\http.py', reloading
2023-10-17 18:03:22,455 - INFO -  * Detected change in 'C:\\gh\\venv38\\Lib\\site-packages\\fastapi\\security\\oauth2.py', reloading
2023-10-17 18:03:22,463 - INFO -  * Detected change in 'C:\\gh\\venv38\\Lib\\site-packages\\fastapi\\security\\open_id_connect_url.py', reloading
2023-10-17 18:03:22,472 - INFO -  * Detected change in 'C:\\gh\\venv38\\Lib\\site-packages\\fastapi\\staticfiles.py', reloading
2023-10-17 18:03:22,481 - INFO -  * Detected change in 'C:\\gh\\venv38\\Lib\\site-packages\\starlette\\staticfiles.py', reloading
2023-10-17 18:03:22,489 - INFO -  * Detected change in 'C:\\gh\\venv38\\Lib\\site-packages\\fastapi\\templating.py', reloading
2023-10-17 18:03:22,496 - INFO -  * Detected change in 'C:\\gh\\venv38\\Lib\\site-packages\\starlette\\templating.py', reloading
2023-10-17 18:03:22,505 - INFO -  * Detected change in 'C:\\gh\\venv38\\Lib\\site-packages\\fastapi\\testclient.py', reloading
2023-10-17 18:03:22,515 - INFO -  * Detected change in 'C:\\gh\\venv38\\Lib\\site-packages\\starlette\\testclient.py', reloading
2023-10-17 18:03:22,526 - INFO -  * Detected change in 'C:\\gh\\venv38\\Lib\\site-packages\\fastapi\\types.py', reloading
2023-10-17 18:03:22,534 - INFO -  * Detected change in 'C:\\gh\\venv38\\Lib\\site-packages\\fastapi\\utils.py', reloading
2023-10-17 18:03:22,548 - INFO -  * Detected change in 'C:\\gh\\venv38\\Lib\\site-packages\\fastapi\\websockets.py', reloading
2023-10-17 18:03:22,557 - INFO -  * Detected change in 'C:\\gh\\venv38\\Lib\\site-packages\\starlette\\websockets.py', reloading
2023-10-17 18:03:22,565 - INFO -  * Detected change in 'C:\\gh\\venv38\\Lib\\site-packages\\fastapi\\__init__.py', reloading
2023-10-17 18:03:22,572 - INFO -  * Detected change in 'C:\\gh\\venv38\\Lib\\site-packages\\starlette\\__init__.py', reloading
2023-10-17 18:03:22,584 - INFO -  * Detected change in 'C:\\gh\\venv38\\Lib\\site-packages\\fastjsonschema\\__init__.py', reloading
2023-10-17 18:03:22,593 - INFO -  * Detected change in 'C:\\gh\\venv38\\Lib\\site-packages\\fastjsonschema\\exceptions.py', reloading
2023-10-17 18:03:22,598 - INFO -  * Detected change in 'C:\\gh\\venv38\\Lib\\site-packages\\fastjsonschema\\version.py', reloading
2023-10-17 18:03:22,605 - INFO -  * Detected change in 'C:\\gh\\venv38\\Lib\\site-packages\\feedparser\\__init__.py', reloading
2023-10-17 18:03:22,611 - INFO -  * Detected change in 'C:\\gh\\venv38\\Lib\\site-packages\\filelock\\__init__.py', reloading
2023-10-17 18:03:22,622 - INFO -  * Detected change in 'C:\\gh\\venv38\\Lib\\site-packages\\filelock\\_api.py', reloading
2023-10-17 18:03:22,630 - INFO -  * Detected change in 'C:\\gh\\venv38\\Lib\\site-packages\\filelock\\_error.py', reloading
2023-10-17 18:03:22,637 - INFO -  * Detected change in 'C:\\gh\\venv38\\Lib\\site-packages\\filelock\\_soft.py', reloading
2023-10-17 18:03:22,645 - INFO -  * Detected change in 'C:\\gh\\venv38\\Lib\\site-packages\\filelock\\_unix.py', reloading
2023-10-17 18:03:22,654 - INFO -  * Detected change in 'C:\\gh\\venv38\\Lib\\site-packages\\filelock\\_windows.py', reloading
2023-10-17 18:03:22,684 - INFO -  * Detected change in 'C:\\gh\\venv38\\Lib\\site-packages\\flask\\blueprints.py', reloading
2023-10-17 18:03:22,700 - INFO -  * Detected change in 'C:\\gh\\venv38\\Lib\\site-packages\\flask\\cli.py', reloading
2023-10-17 18:03:22,723 - INFO -  * Detected change in 'C:\\gh\\venv38\\Lib\\site-packages\\flask\\ctx.py', reloading
2023-10-17 18:03:22,738 - INFO -  * Detected change in 'C:\\gh\\venv38\\Lib\\site-packages\\flask\\debughelpers.py', reloading
2023-10-17 18:03:22,753 - INFO -  * Detected change in 'C:\\gh\\venv38\\Lib\\site-packages\\flask\\globals.py', reloading
2023-10-17 18:03:22,773 - INFO -  * Detected change in 'C:\\gh\\venv38\\Lib\\site-packages\\flask\\json\\__init__.py', reloading
2023-10-17 18:03:22,784 - INFO -  * Detected change in 'C:\\gh\\venv38\\Lib\\site-packages\\flask\\logging.py', reloading
2023-10-17 18:03:22,798 - INFO -  * Detected change in 'C:\\gh\\venv38\\Lib\\site-packages\\flask\\signals.py', reloading
2023-10-17 18:03:22,807 - INFO -  * Detected change in 'C:\\gh\\venv38\\Lib\\site-packages\\flask\\templating.py', reloading
2023-10-17 18:03:22,815 - INFO -  * Detected change in 'C:\\gh\\venv38\\Lib\\site-packages\\flask\\testing.py', reloading
2023-10-17 18:03:22,827 - INFO -  * Detected change in 'C:\\gh\\venv38\\Lib\\site-packages\\flask\\views.py', reloading
2023-10-17 18:03:22,828 - INFO -  * Detected change in 'C:\\gh\\venv38\\Lib\\site-packages\\flask\\wrappers.py', reloading
2023-10-17 18:03:22,837 - INFO -  * Detected change in 'C:\\gh\\venv38\\Lib\\site-packages\\flask\\__main__.py', reloading
2023-10-17 18:03:22,844 - INFO -  * Detected change in 'C:\\gh\\venv38\\Lib\\site-packages\\flatbuffers\\__init__.py', reloading
2023-10-17 18:03:22,854 - INFO -  * Detected change in 'C:\\gh\\venv38\\Lib\\site-packages\\fontTools\\__init__.py', reloading
2023-10-17 18:03:22,868 - INFO -  * Detected change in 'C:\\gh\\venv38\\Lib\\site-packages\\fontTools\\misc\\loggingTools.py', reloading
2023-10-17 18:03:22,877 - INFO -  * Detected change in 'C:\\gh\\venv38\\Lib\\site-packages\\fqdn\\__init__.py', reloading
2023-10-17 18:03:22,889 - INFO -  * Detected change in 'C:\\gh\\venv38\\Lib\\site-packages\\fsspec\\__init__.py', reloading
2023-10-17 18:03:22,902 - INFO -  * Detected change in 'C:\\gh\\venv38\\Lib\\site-packages\\fsspec\\callbacks.py', reloading
2023-10-17 18:03:22,910 - INFO -  * Detected change in 'C:\\gh\\venv38\\Lib\\site-packages\\fsspec\\compression.py', reloading
2023-10-17 18:03:22,930 - INFO -  * Detected change in 'C:\\gh\\venv38\\Lib\\site-packages\\fsspec\\core.py', reloading
2023-10-17 18:03:22,939 - INFO -  * Detected change in 'C:\\gh\\venv38\\Lib\\site-packages\\fsspec\\exceptions.py', reloading
2023-10-17 18:03:22,947 - INFO -  * Detected change in 'C:\\gh\\venv38\\Lib\\site-packages\\fsspec\\mapping.py', reloading
2023-10-17 18:03:22,956 - INFO -  * Detected change in 'C:\\gh\\venv38\\Lib\\site-packages\\fsspec\\registry.py', reloading
2023-10-17 18:03:22,970 - INFO -  * Detected change in 'C:\\gh\\venv38\\Lib\\site-packages\\fsspec\\spec.py', reloading
2023-10-17 18:03:22,981 - INFO -  * Detected change in 'C:\\gh\\venv38\\Lib\\site-packages\\functorch\\__init__.py', reloading
2023-10-17 18:03:22,987 - INFO -  * Detected change in 'C:\\gh\\venv38\\Lib\\site-packages\\git\\__init__.py', reloading
2023-10-17 18:03:23,011 - INFO -  * Detected change in 'C:\\gh\\venv38\\Lib\\site-packages\\git\\exc.py', reloading
2023-10-17 18:03:23,020 - INFO -  * Detected change in 'C:\\gh\\venv38\\Lib\\site-packages\\gitdb\\exc.py', reloading
2023-10-17 18:03:23,030 - INFO -  * Detected change in 'C:\\gh\\venv38\\Lib\\site-packages\\git\\objects\\__init__.py', reloading
